2015-01-31 15:48:28 Error: [MissingControllerException] Controller class JsController could not be found.
Exception Attributes: array (
  'class' => 'JsController',
  'plugin' => NULL,
)
Request URL: /js/wow.min.js
Stack Trace:
#0 C:\wamp\www\bentahanan\app\webroot\index.php(118): Dispatcher->dispatch(Object(CakeRequest), Object(CakeResponse))
#1 {main}
2015-01-31 15:48:28 Error: [MissingControllerException] Controller class JsController could not be found.
Exception Attributes: array (
  'class' => 'JsController',
  'plugin' => NULL,
)
Request URL: /js/functions.js
Stack Trace:
#0 C:\wamp\www\bentahanan\app\webroot\index.php(118): Dispatcher->dispatch(Object(CakeRequest), Object(CakeResponse))
#1 {main}
2015-01-31 15:48:32 Error: [MissingControllerException] Controller class JsController could not be found.
Exception Attributes: array (
  'class' => 'JsController',
  'plugin' => NULL,
)
Request URL: /js/functions.js
Stack Trace:
#0 C:\wamp\www\bentahanan\app\webroot\index.php(118): Dispatcher->dispatch(Object(CakeRequest), Object(CakeResponse))
#1 {main}
2015-01-31 15:48:32 Error: [MissingControllerException] Controller class JsController could not be found.
Exception Attributes: array (
  'class' => 'JsController',
  'plugin' => NULL,
)
Request URL: /js/wow.min.js
Stack Trace:
#0 C:\wamp\www\bentahanan\app\webroot\index.php(118): Dispatcher->dispatch(Object(CakeRequest), Object(CakeResponse))
#1 {main}
2015-01-31 15:48:32 Error: [MissingControllerException] Controller class JsController could not be found.
Exception Attributes: array (
  'class' => 'JsController',
  'plugin' => NULL,
)
Request URL: /js/functions.js
Stack Trace:
#0 C:\wamp\www\bentahanan\app\webroot\index.php(118): Dispatcher->dispatch(Object(CakeRequest), Object(CakeResponse))
#1 {main}
2015-01-31 15:48:38 Error: [MissingControllerException] Controller class JsController could not be found.
Exception Attributes: array (
  'class' => 'JsController',
  'plugin' => NULL,
)
Request URL: /js/functions.js
Stack Trace:
#0 C:\wamp\www\bentahanan\app\webroot\index.php(118): Dispatcher->dispatch(Object(CakeRequest), Object(CakeResponse))
#1 {main}
2015-01-31 15:48:38 Error: [MissingControllerException] Controller class JsController could not be found.
Exception Attributes: array (
  'class' => 'JsController',
  'plugin' => NULL,
)
Request URL: /js/wow.min.js
Stack Trace:
#0 C:\wamp\www\bentahanan\app\webroot\index.php(118): Dispatcher->dispatch(Object(CakeRequest), Object(CakeResponse))
#1 {main}
2015-01-31 15:48:38 Error: [MissingControllerException] Controller class JsController could not be found.
Exception Attributes: array (
  'class' => 'JsController',
  'plugin' => NULL,
)
Request URL: /js/functions.js
Stack Trace:
#0 C:\wamp\www\bentahanan\app\webroot\index.php(118): Dispatcher->dispatch(Object(CakeRequest), Object(CakeResponse))
#1 {main}
2015-01-31 15:48:39 Error: [MissingControllerException] Controller class JsController could not be found.
Exception Attributes: array (
  'class' => 'JsController',
  'plugin' => NULL,
)
Request URL: /js/wow.min.js
Stack Trace:
#0 C:\wamp\www\bentahanan\app\webroot\index.php(118): Dispatcher->dispatch(Object(CakeRequest), Object(CakeResponse))
#1 {main}
2015-01-31 15:48:39 Error: [MissingControllerException] Controller class JsController could not be found.
Exception Attributes: array (
  'class' => 'JsController',
  'plugin' => NULL,
)
Request URL: /js/wow.min.js
Stack Trace:
#0 C:\wamp\www\bentahanan\app\webroot\index.php(118): Dispatcher->dispatch(Object(CakeRequest), Object(CakeResponse))
#1 {main}
2015-01-31 15:48:39 Error: [MissingControllerException] Controller class JsController could not be found.
Exception Attributes: array (
  'class' => 'JsController',
  'plugin' => NULL,
)
Request URL: /js/functions.js
Stack Trace:
#0 C:\wamp\www\bentahanan\app\webroot\index.php(118): Dispatcher->dispatch(Object(CakeRequest), Object(CakeResponse))
#1 {main}
2015-02-01 02:03:08 Error: [MissingControllerException] Controller class Portfolio.htmlController could not be found.
Exception Attributes: array (
  'class' => 'Portfolio.htmlController',
  'plugin' => NULL,
)
Request URL: /bentahanan/Portfolio.html
Stack Trace:
#0 C:\wamp\www\bentahanan\app\webroot\index.php(118): Dispatcher->dispatch(Object(CakeRequest), Object(CakeResponse))
#1 {main}
